\BOOKMARK [0][]{chapter.1}{\376\377\0001\000\040\122\115\212\000}{}% 1
\BOOKMARK [1][]{section.1.1}{\376\377\0001\000.\0001\000\040\147\054\116\146\121\205\133\271}{chapter.1}% 2
\BOOKMARK [1][]{section.1.2}{\376\377\0001\000.\0002\000\040\226\005\213\373\147\054\116\146\116\113\122\115\166\204\121\306\131\007\135\345\117\134}{chapter.1}% 3
\BOOKMARK [1][]{section.1.3}{\376\377\0001\000.\0003\000\040\166\356\150\007\213\373\200\005}{chapter.1}% 4
\BOOKMARK [1][]{section.1.4}{\376\377\0001\000.\0004\000\040\143\222\162\110\176\246\133\232}{chapter.1}% 5
\BOOKMARK [1][]{section.1.5}{\376\377\0001\000.\0005\000\040\116\013\217\175\171\072\117\213\116\343\170\001}{chapter.1}% 6
\BOOKMARK [1][]{section.1.6}{\376\377\0001\000.\0006\000\040\213\270\123\357\213\301}{chapter.1}% 7
\BOOKMARK [1][]{section.1.7}{\376\377\0001\000.\0007\000\040\213\373\200\005\123\315\231\210}{chapter.1}% 8
\BOOKMARK [0][]{chapter.2}{\376\377\0002\000\040\000S\000t\000a\000t\000a\000\040\133\211\210\305\116\016\000\040\000S\000u\000b\000l\000i\000m\000e\000\040\000T\000e\000x\000t\0003\000\040\221\115\177\156\145\131\172\013}{}% 9
\BOOKMARK [1][]{section.2.1}{\376\377\0002\000.\0001\000\040\000S\000t\000a\000t\000a\000\040\133\211\210\305\123\005\203\267\123\326}{chapter.2}% 10
\BOOKMARK [1][]{section.2.2}{\376\377\0002\000.\0002\000\040\000S\000t\000a\000t\000a\0001\0004\000\040\166\204\133\211\210\305}{chapter.2}% 11
\BOOKMARK [2][]{subsection.2.2.1}{\376\377\0002\000.\0002\000.\0001\000\040\000W\000i\000n\000d\000o\000w\000s\000\040\000O\000S}{section.2.2}% 12
\BOOKMARK [2][]{subsection.2.2.2}{\376\377\0002\000.\0002\000.\0002\000\040\000M\000a\000c\000\040\000O\000S}{section.2.2}% 13
\BOOKMARK [1][]{section.2.3}{\376\377\0002\000.\0003\000\040\000S\000t\000a\000t\000a\0001\0005\000\040\166\204\133\211\210\305}{chapter.2}% 14
\BOOKMARK [2][]{subsection.2.3.1}{\376\377\0002\000.\0003\000.\0001\000\040\000W\000i\000n\000d\000o\000w\000s\000\040\000O\000S}{section.2.3}% 15
\BOOKMARK [2][]{subsection.2.3.2}{\376\377\0002\000.\0003\000.\0002\000\040\000M\000a\000c\000\040\000O\000S}{section.2.3}% 16
\BOOKMARK [1][]{section.2.4}{\376\377\0002\000.\0004\000\040\000S\000t\000a\000t\000a\000\040\116\343\170\001\177\026\217\221\126\150\166\204\221\115\177\156}{chapter.2}% 17
\BOOKMARK [2][]{subsection.2.4.1}{\376\377\0002\000.\0004\000.\0001\000\040\000W\000i\000n\000d\000o\000w\000s\000\040\000O\000S}{section.2.4}% 18
\BOOKMARK [2][]{subsection.2.4.2}{\376\377\0002\000.\0004\000.\0002\000\040\000M\000a\000c\000\040\000O\000S}{section.2.4}% 19
\BOOKMARK [1][]{section.2.5}{\376\377\0002\000.\0005\000\040\136\070\165\050\000\040\000s\000h\000e\000l\000l\000/\000D\000o\000s\000\040\124\175\116\344\133\211\210\305}{chapter.2}% 20
\BOOKMARK [2][]{subsection.2.5.1}{\376\377\0002\000.\0005\000.\0001\000\040\000W\000i\000n\000d\000o\000w\000s\000\040\000O\000S}{section.2.5}% 21
\BOOKMARK [2][]{subsection.2.5.2}{\376\377\0002\000.\0005\000.\0002\000\040\000M\000a\000c\000\040\000O\000S}{section.2.5}% 22
\BOOKMARK [1][]{section.2.6}{\376\377\0002\000.\0006\000\040\000S\000t\000a\000t\000a\000\040\146\364\145\260}{chapter.2}% 23
\BOOKMARK [0][]{chapter.3}{\376\377\0003\000\040\000S\000t\000a\000t\000a\000\040\127\372\170\100\144\315\117\134}{}% 24
\BOOKMARK [1][]{section.3.1}{\376\377\0003\000.\0001\000\040\000S\000t\000a\000t\000a\000\040\146\057\116\300\116\110\377\037}{chapter.3}% 25
\BOOKMARK [1][]{section.3.2}{\376\377\0003\000.\0002\000\040\000S\000t\000a\000t\000a\000\040\200\375\120\132\116\300\116\110\377\037}{chapter.3}% 26
\BOOKMARK [1][]{section.3.3}{\376\377\0003\000.\0003\000\040\000S\000t\000a\000t\000a\000\040\127\372\147\054\144\315\117\134}{chapter.3}% 27
\BOOKMARK [2][]{subsection.3.3.1}{\376\377\0003\000.\0003\000.\0001\000\040\000S\000t\000a\000t\000a\000\040\174\373\176\337\145\207\116\366\131\071}{section.3.3}% 28
\BOOKMARK [2][]{subsection.3.3.2}{\376\377\0003\000.\0003\000.\0002\000\040\145\160\143\156\133\374\121\145}{section.3.3}% 29
\BOOKMARK [2][]{subsection.3.3.3}{\376\377\0003\000.\0003\000.\0003\000\040\213\373\121\145\000d\000t\000a\145\160\143\156\226\306}{section.3.3}% 30
\BOOKMARK [2][]{subsection.3.3.4}{\376\377\0003\000.\0003\000.\0004\000\040\213\373\121\145\000c\000s\000v\145\160\143\156\226\306}{section.3.3}% 31
\BOOKMARK [2][]{subsection.3.3.5}{\376\377\0003\000.\0003\000.\0005\000\040\213\373\121\145\000x\000l\000s\060\001\000x\000l\000s\000x\145\160\143\156}{section.3.3}% 32
\BOOKMARK [2][]{subsection.3.3.6}{\376\377\0003\000.\0003\000.\0006\000\040\133\374\121\145\201\352\165\061\150\074\137\017\166\204\000t\000x\000t\145\207\116\366}{section.3.3}% 33
\BOOKMARK [1][]{section.3.4}{\376\377\0003\000.\0004\000\040\145\160\143\156\131\004\164\006}{chapter.3}% 34
\BOOKMARK [2][]{subsection.3.4.1}{\376\377\0003\000.\0004\000.\0001\000\040\000d\000e\000s\000c\000r\000i\000b\000e\377\032\133\241\211\306\145\160\143\156}{section.3.4}% 35
\BOOKMARK [2][]{subsection.3.4.2}{\376\377\0003\000.\0004\000.\0002\000\040\000l\000i\000s\000t\377\032\122\027\171\072\145\160\143\156}{section.3.4}% 36
\BOOKMARK [2][]{subsection.3.4.3}{\376\377\0003\000.\0004\000.\0003\000\040\000g\000s\000o\000r\000t\000/\000o\000r\000d\000e\000r\377\032\143\222\136\217}{section.3.4}% 37
\BOOKMARK [2][]{subsection.3.4.4}{\376\377\0003\000.\0004\000.\0004\000\040\000c\000o\000d\000e\000b\000o\000o\000k\377\032\143\317\217\360\123\330\221\317\166\204\127\372\147\054\117\341\140\157}{section.3.4}% 38
\BOOKMARK [2][]{subsection.3.4.5}{\376\377\0003\000.\0004\000.\0005\000\040\000g\000e\000n\000e\000r\000a\000t\000e\377\032\165\037\142\020\145\260\123\330\221\317}{section.3.4}% 39
\BOOKMARK [2][]{subsection.3.4.6}{\376\377\0003\000.\0004\000.\0006\000\040\000r\000e\000p\000l\000a\000c\000e\000:\000\040\146\377\143\142}{section.3.4}% 40
\BOOKMARK [2][]{subsection.3.4.7}{\376\377\0003\000.\0004\000.\0007\000\040\000r\000e\000n\000a\000m\000e\377\032\221\315\124\175\124\015\123\330\221\317}{section.3.4}% 41
\BOOKMARK [2][]{subsection.3.4.8}{\376\377\0003\000.\0004\000.\0008\000\040\000d\000r\000o\000p\377\032\122\040\226\144}{section.3.4}% 42
\BOOKMARK [2][]{subsection.3.4.9}{\376\377\0003\000.\0004\000.\0009\000\040\000s\000u\000m\000m\000a\000r\000i\000z\000e\377\032\147\345\167\013\143\317\217\360\140\047\176\337\213\241\221\317}{section.3.4}% 43
\BOOKMARK [2][]{subsection.3.4.10}{\376\377\0003\000.\0004\000.\0001\0000\000\040\000t\000a\000b\000u\000l\000a\000t\000e\377\032\147\345\167\013\230\221\163\207\230\221\145\160\210\150}{section.3.4}% 44
\BOOKMARK [2][]{subsection.3.4.11}{\376\377\0003\000.\0004\000.\0001\0001\000\040\000p\000w\000c\000o\000r\000r\377\032\213\241\173\227\166\370\121\163\174\373\145\160\210\150}{section.3.4}% 45
\BOOKMARK [2][]{subsection.3.4.12}{\376\377\0003\000.\0004\000.\0001\0002\000\040\000d\000i\000s\000p\000l\000a\000y}{section.3.4}% 46
\BOOKMARK [1][]{section.3.5}{\376\377\0003\000.\0005\000\040\145\160\143\156\133\374\121\372}{chapter.3}% 47
\BOOKMARK [2][]{subsection.3.5.1}{\376\377\0003\000.\0005\000.\0001\000\040\000s\000a\000v\000e\000:\000\040\133\374\121\372\116\072\000d\000t\000a\145\207\116\366}{section.3.5}% 48
\BOOKMARK [2][]{subsection.3.5.2}{\376\377\0003\000.\0005\000.\0002\000\040\000e\000x\000p\000o\000r\000t\000\040\000d\000e\000l\000i\000m\000i\000t\000e\000d\377\032\133\374\121\372\116\072\000c\000s\000v\145\207\116\366}{section.3.5}% 49
\BOOKMARK [2][]{subsection.3.5.3}{\376\377\0003\000.\0005\000.\0003\000\040\000e\000x\000p\000o\000r\000t\000\040\000e\000x\000c\000e\000l\377\032\133\374\121\372\116\072\000e\000x\000c\000e\000l\145\207\116\366}{section.3.5}% 50
\BOOKMARK [1][]{section.3.6}{\376\377\0003\000.\0006\000\040\176\330\126\376}{chapter.3}% 51
\BOOKMARK [2][]{subsection.3.6.1}{\376\377\0003\000.\0006\000.\0001\000\040\000h\000i\000s\000t\000o\000g\000r\000a\000m\377\032\176\330\122\066\166\364\145\271\126\376}{section.3.6}% 52
\BOOKMARK [2][]{subsection.3.6.2}{\376\377\0003\000.\0006\000.\0002\000\040\000s\000c\000a\000t\000t\000e\000r\377\032\176\330\122\066\145\143\160\271\126\376}{section.3.6}% 53
\BOOKMARK [1][]{section.3.7}{\376\377\0003\000.\0007\000\040\176\337\213\241\166\370\121\163}{chapter.3}% 54
\BOOKMARK [2][]{subsection.3.7.1}{\376\377\0003\000.\0007\000.\0001\000\040\000g\000r\000i\000l\000i\000c\145\160\143\156\226\306\171\072\117\213}{section.3.7}% 55
\BOOKMARK [2][]{subsection.3.7.2}{\376\377\0003\000.\0007\000.\0002\000\040\232\214\213\301\217\355\116\343\147\037\147\033\133\232\137\213}{section.3.7}% 56
\BOOKMARK [0][]{chapter.4}{\376\377\0004\000\040\137\071\140\047\116\016\123\112\137\071\140\047}{}% 57
\BOOKMARK [1][]{section.4.1}{\376\377\0004\000.\0001\000\040\137\071\140\047}{chapter.4}% 58
\BOOKMARK [1][]{section.4.2}{\376\377\0004\000.\0002\000\040\123\112\137\071\140\047}{chapter.4}% 59
\BOOKMARK [2][]{subsection.4.2.1}{\376\377\0004\000.\0002\000.\0001\000\040\173\054\116\000\171\315\123\112\137\071\140\047}{section.4.2}% 60
\BOOKMARK [2][]{subsection.4.2.2}{\376\377\0004\000.\0002\000.\0002\000\040\173\054\116\214\171\315\123\112\137\071\140\047}{section.4.2}% 61
\BOOKMARK [1][]{section.4.3}{\376\377\0004\000.\0003\000\040\140\073\176\323}{chapter.4}% 62
\BOOKMARK [0][]{chapter.5}{\376\377\0005\000\040\000S\000t\000a\000t\000a\000\040\177\121\230\165\210\150\150\074\162\054\123\326\171\072\117\213}{}% 63
\BOOKMARK [1][]{section.5.1}{\376\377\0005\000.\0001\000\040\121\306\131\007\135\345\117\134}{chapter.5}% 64
\BOOKMARK [1][]{section.5.2}{\376\377\0005\000.\0002\000\040\177\121\230\165\122\006\147\220}{chapter.5}% 65
\BOOKMARK [1][]{section.5.3}{\376\377\0005\000.\0003\000\040\137\000\131\313\162\054\123\326}{chapter.5}% 66
\BOOKMARK [2][]{subsection.5.3.1}{\376\377\0005\000.\0003\000.\0001\000\040\213\367\154\102}{section.5.3}% 67
\BOOKMARK [2][]{subsection.5.3.2}{\376\377\0005\000.\0003\000.\0002\000\040\217\154\170\001}{section.5.3}% 68
\BOOKMARK [2][]{subsection.5.3.3}{\376\377\0005\000.\0003\000.\0003\000\040\213\373\121\145}{section.5.3}% 69
\BOOKMARK [2][]{subsection.5.3.4}{\376\377\0005\000.\0003\000.\0004\000\040\131\004\164\006}{section.5.3}% 70
\BOOKMARK [1][]{section.5.4}{\376\377\0005\000.\0004\000\040\131\032\230\165\227\142\162\054\123\326}{chapter.5}% 71
\BOOKMARK [2][]{subsection.5.4.1}{\376\377\0005\000.\0004\000.\0001\000\040\176\265\124\021\142\374\143\245\171\072\117\213}{section.5.4}% 72
\BOOKMARK [2][]{subsection.5.4.2}{\376\377\0005\000.\0004\000.\0002\000\040\137\252\163\257\142\374\143\245}{section.5.4}% 73
\BOOKMARK [1][]{section.5.5}{\376\377\0005\000.\0005\000\040\145\160\143\156\124\110\163\260}{chapter.5}% 74
\BOOKMARK [0][]{chapter.6}{\376\377\0006\000\040\000S\000t\000a\000t\000a\000\040\117\356\126\376\116\016\144\315\117\134\213\260\137\125}{}% 75
\BOOKMARK [0][]{chapter.7}{\376\377\0007\000\040\000S\000t\000a\000t\000a\000\040\116\016\000\040\000d\000o\000c\000x\000\040\145\207\150\143\166\204\123\117\124\014}{}% 76
\BOOKMARK [1][]{section.7.1}{\376\377\0007\000.\0001\000\040\133\211\210\305}{chapter.7}% 77
\BOOKMARK [1][]{section.7.2}{\376\377\0007\000.\0002\000\040\117\177\165\050}{chapter.7}% 78
\BOOKMARK [1][]{section.7.3}{\376\377\0007\000.\0003\000\040\162\066\153\315\216\253\232\330\116\016\133\120\131\163\216\253\232\330}{chapter.7}% 79
\BOOKMARK [0][]{chapter.8}{\376\377\0008\000\040\116\140\230\230\213\262\211\343}{}% 80
\BOOKMARK [1][]{section.8.1}{\376\377\0008\000.\0001\000\040\116\140\230\230\000\040\0006\000.\0005}{chapter.8}% 81
\BOOKMARK [1][]{section.8.2}{\376\377\0008\000.\0002\000\040\116\140\230\230\000\040\0006\000.\0006}{chapter.8}% 82
\BOOKMARK [1][]{section.8.3}{\376\377\0008\000.\0003\000\040\116\140\230\230\000\040\0007\000.\0002}{chapter.8}% 83
\BOOKMARK [1][]{section.8.4}{\376\377\0008\000.\0004\000\040\116\140\230\230\000\040\0007\000.\0003}{chapter.8}% 84
\BOOKMARK [1][]{section.8.5}{\376\377\0008\000.\0005\000\040\116\140\230\230\000\040\0009\000.\0004}{chapter.8}% 85
\BOOKMARK [1][]{section.8.6}{\376\377\0008\000.\0006\000\040\116\140\230\230\000\040\0009\000.\0005}{chapter.8}% 86
\BOOKMARK [1][]{section.8.7}{\376\377\0008\000.\0007\000\040\116\140\230\230\000\040\0001\0000\000.\0005}{chapter.8}% 87
\BOOKMARK [1][]{section.8.8}{\376\377\0008\000.\0008\000\040\116\140\230\230\000\040\0001\0000\000.\0006}{chapter.8}% 88
\BOOKMARK [1][]{section.8.9}{\376\377\0008\000.\0009\000\040\116\140\230\230\000\040\0001\0002\000.\0003}{chapter.8}% 89
\BOOKMARK [0][]{appendix.A}{\376\377\000A\000\040\213\241\221\317\176\317\155\116\133\146\213\376\172\013\166\204\137\227\122\006\122\006\136\003\377\001}{}% 90
